\BOOKMARK [1][-]{section*.1}{\376\377\000C\000h\000a\000p\000t\000e\000r\000\040\0001}{}% 1
\BOOKMARK [1][-]{section*.2}{\376\377\000H\000o\000w\000l\000e\000r}{}% 2
\BOOKMARK [1][-]{section*.3}{\376\377\000S\000k\000i\000l\000l\000s}{}% 3
\BOOKMARK [1][-]{section*.4}{\376\377\000S\000o\000l\000u\000t\000i\000o\000n}{}% 4
\BOOKMARK [1][-]{section*.5}{\376\377\000C\000h\000a\000p\000t\000e\000r\000\040\0002}{}% 5
\BOOKMARK [1][-]{section*.6}{\376\377\000J\000u\000m\000p\000\040\000t\000h\000e\000\040\000F\000i\000v\000e}{}% 6
\BOOKMARK [1][-]{section*.7}{\376\377\000E\000x\000p\000e\000c\000t\000e\000d\000\040\000B\000e\000h\000a\000v\000i\000o\000r}{}% 7
\BOOKMARK [1][-]{section*.8}{\376\377\000S\000o\000l\000u\000t\000i\000o\000n}{}% 8
\BOOKMARK [1][-]{section*.9}{\376\377\000C\000h\000a\000p\000t\000e\000r\000\040\0003}{}% 9
\BOOKMARK [1][-]{section*.10}{\376\377\000B\000o\000t\000t\000l\000e\000s\000\040\000o\000f\000\040\000B\000e\000e\000r\000\040\000S\000o\000n\000g}{}% 10
\BOOKMARK [1][-]{section*.11}{\376\377\000E\000x\000p\000e\000c\000t\000e\000d\000\040\000B\000e\000h\000a\000v\000i\000o\000r}{}% 11
\BOOKMARK [1][-]{section*.12}{\376\377\000S\000o\000l\000u\000t\000i\000o\000n}{}% 12
\BOOKMARK [1][-]{section*.13}{\376\377\000C\000h\000a\000p\000t\000e\000r\000\040\0004}{}% 13
\BOOKMARK [1][-]{section*.14}{\376\377\000P\000i\000c\000n\000i\000c}{}% 14
\BOOKMARK [1][-]{section*.15}{\376\377\000S\000o\000l\000u\000t\000i\000o\000n}{}% 15
\BOOKMARK [1][-]{section*.16}{\376\377\000C\000h\000a\000p\000t\000e\000r\000\040\0005}{}% 16
\BOOKMARK [1][-]{section*.17}{\376\377\000A\000p\000p\000l\000e\000s\000\040\000a\000n\000d\000\040\000B\000a\000n\000a\000n\000a\000s}{}% 17
\BOOKMARK [1][-]{section*.18}{\376\377\000S\000o\000l\000u\000t\000i\000o\000n}{}% 18
\BOOKMARK [1][-]{section*.19}{\376\377\000C\000h\000a\000p\000t\000e\000r\000\040\0006}{}% 19
\BOOKMARK [1][-]{section*.20}{\376\377\000G\000a\000s\000h\000l\000y\000c\000r\000u\000m\000b}{}% 20
\BOOKMARK [1][-]{section*.21}{\376\377\000D\000i\000s\000c\000u\000s\000s\000i\000o\000n}{}% 21
\BOOKMARK [1][-]{section*.22}{\376\377\000S\000o\000l\000u\000t\000i\000o\000n}{}% 22
\BOOKMARK [1][-]{section*.23}{\376\377\000C\000h\000a\000p\000t\000e\000r\000\040\0007}{}% 23
\BOOKMARK [1][-]{section*.24}{\376\377\000M\000o\000v\000i\000e\000\040\000R\000e\000a\000d\000e\000r}{}% 24
\BOOKMARK [1][-]{section*.25}{\376\377\000S\000o\000l\000u\000t\000i\000o\000n}{}% 25
\BOOKMARK [1][-]{section*.26}{\376\377\000C\000h\000a\000p\000t\000e\000r\000\040\0008}{}% 26
\BOOKMARK [1][-]{section*.27}{\376\377\000P\000a\000l\000i\000n\000d\000r\000o\000m\000e\000s}{}% 27
\BOOKMARK [1][-]{section*.28}{\376\377\000S\000o\000l\000u\000t\000i\000o\000n}{}% 28
\BOOKMARK [1][-]{section*.29}{\376\377\000C\000h\000a\000p\000t\000e\000r\000\040\0009}{}% 29
\BOOKMARK [1][-]{section*.30}{\376\377\000R\000a\000n\000s\000o\000m}{}% 30
\BOOKMARK [1][-]{section*.31}{\376\377\000E\000x\000p\000e\000c\000t\000e\000d\000\040\000B\000e\000h\000a\000v\000i\000o\000r}{}% 31
\BOOKMARK [1][-]{section*.32}{\376\377\000S\000o\000l\000u\000t\000i\000o\000n}{}% 32
\BOOKMARK [1][-]{section*.33}{\376\377\000C\000h\000a\000p\000t\000e\000r\000\040\0001\0000}{}% 33
\BOOKMARK [1][-]{section*.34}{\376\377\000S\000i\000m\000p\000l\000e\000\040\000R\000h\000y\000m\000e\000r}{}% 34
\BOOKMARK [1][-]{section*.35}{\376\377\000S\000o\000l\000u\000t\000i\000o\000n}{}% 35
\BOOKMARK [1][-]{section*.36}{\376\377\000C\000h\000a\000p\000t\000e\000r\000\040\0001\0001}{}% 36
\BOOKMARK [1][-]{section*.37}{\376\377\000R\000o\000c\000k\000,\000\040\000P\000a\000p\000e\000r\000,\000\040\000S\000c\000i\000s\000s\000o\000r\000s}{}% 37
\BOOKMARK [1][-]{section*.38}{\376\377\000S\000o\000l\000u\000t\000i\000o\000n}{}% 38
\BOOKMARK [1][-]{section*.39}{\376\377\000C\000h\000a\000p\000t\000e\000r\000\040\0001\0002}{}% 39
\BOOKMARK [1][-]{section*.40}{\376\377\000A\000b\000u\000s\000e}{}% 40
\BOOKMARK [1][-]{section*.41}{\376\377\000S\000k\000i\000l\000l\000s}{}% 41
\BOOKMARK [1][-]{section*.42}{\376\377\000S\000o\000l\000u\000t\000i\000o\000n}{}% 42
\BOOKMARK [1][-]{section*.43}{\376\377\000C\000h\000a\000p\000t\000e\000r\000\040\0001\0003}{}% 43
\BOOKMARK [1][-]{section*.44}{\376\377\000B\000A\000C\000R\000O\000N\000Y\000M}{}% 44
\BOOKMARK [1][-]{section*.45}{\376\377\000S\000k\000i\000l\000l\000s}{}% 45
\BOOKMARK [1][-]{section*.46}{\376\377\000S\000o\000l\000u\000t\000i\000o\000n}{}% 46
\BOOKMARK [1][-]{section*.47}{\376\377\000C\000h\000a\000p\000t\000e\000r\000\040\0001\0004}{}% 47
\BOOKMARK [1][-]{section*.48}{\376\377\000P\000y\000t\000h\000o\000n\000\040\000B\000l\000a\000c\000k\000j\000a\000c\000k\000\040\000G\000a\000m\000e}{}% 48
\BOOKMARK [1][-]{section*.49}{\376\377\000S\000o\000l\000u\000t\000i\000o\000n}{}% 49
\BOOKMARK [1][-]{section*.50}{\376\377\000C\000h\000a\000p\000t\000e\000r\000\040\0001\0005}{}% 50
\BOOKMARK [1][-]{section*.51}{\376\377\000F\000a\000m\000i\000l\000y\000\040\000T\000r\000e\000e}{}% 51
\BOOKMARK [1][-]{section*.52}{\376\377\000C\000h\000a\000p\000t\000e\000r\000\040\0001\0007}{}% 52
\BOOKMARK [1][-]{section*.53}{\376\377\000G\000u\000e\000s\000s\000i\000n\000g\000\040\000G\000a\000m\000e}{}% 53
\BOOKMARK [1][-]{section*.54}{\376\377\000S\000o\000l\000u\000t\000i\000o\000n}{}% 54
\BOOKMARK [1][-]{section*.55}{\376\377\000C\000h\000a\000p\000t\000e\000r\000\040\0001\0008}{}% 55
\BOOKMARK [1][-]{section*.56}{\376\377\000K\000e\000n\000t\000u\000c\000k\000y\000\040\000F\000r\000y\000e\000r}{}% 56
\BOOKMARK [1][-]{section*.57}{\376\377\000S\000o\000l\000u\000t\000i\000o\000n}{}% 57
\BOOKMARK [1][-]{section*.58}{\376\377\000C\000h\000a\000p\000t\000e\000r\000\040\0002\0000}{}% 58
\BOOKMARK [1][-]{section*.59}{\376\377\000M\000a\000r\000k\000o\000v\000\040\000C\000h\000a\000i\000n\000s\000\040\000f\000o\000r\000\040\000W\000o\000r\000d\000s}{}% 59
\BOOKMARK [1][-]{section*.60}{\376\377\000S\000o\000l\000u\000t\000i\000o\000n}{}% 60
\BOOKMARK [1][-]{section*.61}{\376\377\000C\000h\000a\000p\000t\000e\000r\000\040\0002\0001}{}% 61
\BOOKMARK [1][-]{section*.62}{\376\377\000P\000i\000g\000\040\000L\000a\000t\000i\000n}{}% 62
\BOOKMARK [1][-]{section*.63}{\376\377\000P\000i\000g\000\040\000L\000a\000t\000i\000n\000\040\000R\000u\000l\000e\000s}{}% 63
\BOOKMARK [1][-]{section*.64}{\376\377\000E\000x\000p\000e\000c\000t\000e\000d\000\040\000O\000u\000t\000p\000u\000t}{}% 64
\BOOKMARK [1][-]{section*.65}{\376\377\000S\000o\000l\000u\000t\000i\000o\000n}{}% 65
\BOOKMARK [1][-]{section*.66}{\376\377\000C\000h\000a\000p\000t\000e\000r\000\040\0002\0003}{}% 66
\BOOKMARK [1][-]{section*.67}{\376\377\000S\000u\000b\000s\000t\000r\000i\000n\000g\000\040\000G\000u\000e\000s\000s\000i\000n\000g\000\040\000G\000a\000m\000e}{}% 67
\BOOKMARK [1][-]{section*.68}{\376\377\000S\000o\000l\000u\000t\000i\000o\000n}{}% 68
\BOOKMARK [1][-]{section*.69}{\376\377\000C\000h\000a\000p\000t\000e\000r\000\040\0002\0004}{}% 69
\BOOKMARK [1][-]{section*.70}{\376\377\000T\000i\000c\000-\000T\000a\000c\000-\000T\000o\000e\000\040\000O\000u\000t\000c\000o\000m\000e}{}% 70
\BOOKMARK [1][-]{section*.71}{\376\377\000E\000x\000p\000e\000c\000t\000e\000d\000\040\000B\000e\000h\000a\000v\000i\000o\000r}{}% 71
\BOOKMARK [1][-]{section*.72}{\376\377\000T\000e\000s\000t\000\040\000S\000u\000i\000t\000e}{}% 72
\BOOKMARK [1][-]{section*.73}{\376\377\000S\000o\000l\000u\000t\000i\000o\000n}{}% 73
\BOOKMARK [1][-]{section*.74}{\376\377\000C\000h\000a\000p\000t\000e\000r\000\040\0002\0005}{}% 74
\BOOKMARK [1][-]{section*.75}{\376\377\000T\000w\000e\000l\000v\000e\000\040\000D\000a\000y\000s\000\040\000o\000f\000\040\000C\000h\000r\000i\000s\000t\000m\000a\000s}{}% 75
\BOOKMARK [1][-]{section*.76}{\376\377\000S\000o\000l\000u\000t\000i\000o\000n}{}% 76
\BOOKMARK [1][-]{section*.77}{\376\377\000C\000h\000a\000p\000t\000e\000r\000\040\0002\0006}{}% 77
\BOOKMARK [1][-]{section*.78}{\376\377\000W\000a\000r\000\040\000C\000a\000r\000d\000\040\000G\000a\000m\000e\000\040\000i\000n\000\040\000P\000y\000t\000h\000o\000n}{}% 78
\BOOKMARK [1][-]{section*.79}{\376\377\000S\000o\000l\000u\000t\000i\000o\000n}{}% 79
\BOOKMARK [1][-]{section*.80}{\376\377\000C\000h\000a\000p\000t\000e\000r\000\040\0002\0007}{}% 80
\BOOKMARK [1][-]{section*.81}{\376\377\000A\000n\000a\000g\000r\000a\000m}{}% 81
\BOOKMARK [1][-]{section*.82}{\376\377\000S\000o\000l\000u\000t\000i\000o\000n}{}% 82
\BOOKMARK [1][-]{section*.83}{\376\377\000C\000h\000a\000p\000t\000e\000r\000\040\0002\0008}{}% 83
\BOOKMARK [1][-]{section*.84}{\376\377\000H\000a\000n\000g\000m\000a\000n}{}% 84
\BOOKMARK [1][-]{section*.85}{\376\377\000S\000o\000l\000u\000t\000i\000o\000n}{}% 85
\BOOKMARK [1][-]{section*.86}{\376\377\000C\000h\000a\000p\000t\000e\000r\000\040\0002\0009}{}% 86
\BOOKMARK [1][-]{section*.87}{\376\377\000M\000a\000r\000k\000o\000v\000\040\000C\000h\000a\000i\000n}{}% 87
\BOOKMARK [1][-]{section*.88}{\376\377\000S\000o\000l\000u\000t\000i\000o\000n}{}% 88
\BOOKMARK [1][-]{section*.89}{\376\377\000C\000h\000a\000p\000t\000e\000r\000\040\0003\0000}{}% 89
\BOOKMARK [1][-]{section*.90}{\376\377\000M\000o\000r\000s\000e\000\040\000E\000n\000c\000o\000d\000e\000r\000/\000D\000e\000c\000o\000d\000e\000r}{}% 90
\BOOKMARK [1][-]{section*.91}{\376\377\000S\000o\000l\000u\000t\000i\000o\000n}{}% 91
\BOOKMARK [1][-]{section*.92}{\376\377\000C\000h\000a\000p\000t\000e\000r\000\040\0003\0001}{}% 92
\BOOKMARK [1][-]{section*.93}{\376\377\000R\000O\000T\0001\0003\000\040\000\050\000R\000o\000t\000a\000t\000e\000\040\0001\0003\000\051}{}% 93
\BOOKMARK [1][-]{section*.94}{\376\377\000D\000i\000s\000c\000u\000s\000s\000i\000o\000n}{}% 94
\BOOKMARK [1][-]{section*.95}{\376\377\000E\000x\000p\000e\000c\000t\000e\000d\000\040\000B\000e\000h\000a\000v\000i\000o\000r}{}% 95
\BOOKMARK [1][-]{section*.96}{\376\377\000S\000o\000l\000u\000t\000i\000o\000n}{}% 96
